I, [2016-04-18T08:22:54.508216 #19613]  INFO -- default-centos-71: -----> Converging <default-centos-71>...
I, [2016-04-18T08:22:54.508794 #19613]  INFO -- default-centos-71: Preparing files for transfer
I, [2016-04-18T08:22:54.508877 #19613]  INFO -- default-centos-71: Preparing dna.json
I, [2016-04-18T08:22:54.509267 #19613]  INFO -- default-centos-71: Preparing current project directory as a cookbook
I, [2016-04-18T08:22:54.516698 #19613]  INFO -- default-centos-71: Removing non-cookbook files before transfer
I, [2016-04-18T08:22:54.518963 #19613]  INFO -- default-centos-71: Preparing solo.rb
I, [2016-04-18T08:22:54.716675 #19613]  INFO -- default-centos-71: -----> Chef Omnibus installation detected (install only if missing)
I, [2016-04-18T08:22:54.793320 #19613]  INFO -- default-centos-71: Transferring files to <default-centos-71>
I, [2016-04-18T08:22:55.701799 #19613]  INFO -- default-centos-71: Starting Chef Client, version 12.9.38
I, [2016-04-18T08:22:56.864814 #19613]  INFO -- default-centos-71: Installing Cookbook Gems:
I, [2016-04-18T08:22:56.864877 #19613]  INFO -- default-centos-71: Compiling Cookbooks...
I, [2016-04-18T08:22:56.864900 #19613]  INFO -- default-centos-71: 
I, [2016-04-18T08:22:56.864919 #19613]  INFO -- default-centos-71: Running handlers:
I, [2016-04-18T08:22:56.864937 #19613]  INFO -- default-centos-71: [2016-04-18T13:22:56+00:00] ERROR: Running exception handlers
I, [2016-04-18T08:22:56.864956 #19613]  INFO -- default-centos-71: Running handlers complete
I, [2016-04-18T08:22:56.864974 #19613]  INFO -- default-centos-71: [2016-04-18T13:22:56+00:00] ERROR: Exception handlers complete
I, [2016-04-18T08:22:56.864992 #19613]  INFO -- default-centos-71: Chef Client failed. 0 resources updated in 01 seconds
I, [2016-04-18T08:22:56.865010 #19613]  INFO -- default-centos-71: [2016-04-18T13:22:56+00:00] FATAL: Stacktrace dumped to /tmp/kitchen/cache/chef-stacktrace.out
I, [2016-04-18T08:22:56.865029 #19613]  INFO -- default-centos-71: [2016-04-18T13:22:56+00:00] FATAL: Please provide the contents of the stacktrace.out file if you file a bug report
I, [2016-04-18T08:22:56.865048 #19613]  INFO -- default-centos-71: [2016-04-18T13:22:56+00:00] ERROR: Cookbook azure not found. If you're loading azure from another cookbook, make sure you configure the dependency in your metadata
I, [2016-04-18T08:22:56.908792 #19613]  INFO -- default-centos-71: [2016-04-18T13:22:56+00:00] FATAL: Chef::Exceptions::ChildConvergeError: Chef run process exited unsuccessfully (exit code 1)
E, [2016-04-18T08:22:56.926926 #19613] ERROR -- default-centos-71: Converge failed on instance <default-centos-71>.
E, [2016-04-18T08:22:56.927018 #19613] ERROR -- default-centos-71: ------Exception-------
E, [2016-04-18T08:22:56.927036 #19613] ERROR -- default-centos-71: Class: Kitchen::ActionFailed
E, [2016-04-18T08:22:56.927048 #19613] ERROR -- default-centos-71: Message: SSH exited (1) for command: [sh -c '

sudo -E /opt/chef/bin/chef-solo --config /tmp/kitchen/solo.rb --log_level auto --force-formatter --no-color --json-attributes /tmp/kitchen/dna.json
']
E, [2016-04-18T08:22:56.927058 #19613] ERROR -- default-centos-71: ---Nested Exception---
E, [2016-04-18T08:22:56.927068 #19613] ERROR -- default-centos-71: Class: Kitchen::Transport::SshFailed
E, [2016-04-18T08:22:56.927078 #19613] ERROR -- default-centos-71: Message: SSH exited (1) for command: [sh -c '

sudo -E /opt/chef/bin/chef-solo --config /tmp/kitchen/solo.rb --log_level auto --force-formatter --no-color --json-attributes /tmp/kitchen/dna.json
']
E, [2016-04-18T08:22:56.927088 #19613] ERROR -- default-centos-71: ------Backtrace-------
E, [2016-04-18T08:22:56.927098 #19613] ERROR -- default-centos-71: /Users/kpgriff/.rvm/gems/ruby-2.0.0-p643/gems/test-kitchen-1.7.3/lib/kitchen/provisioner/base.rb:76:in `rescue in call'
E, [2016-04-18T08:22:56.927108 #19613] ERROR -- default-centos-71: /Users/kpgriff/.rvm/gems/ruby-2.0.0-p643/gems/test-kitchen-1.7.3/lib/kitchen/provisioner/base.rb:79:in `call'
E, [2016-04-18T08:22:56.927117 #19613] ERROR -- default-centos-71: /Users/kpgriff/.rvm/gems/ruby-2.0.0-p643/gems/test-kitchen-1.7.3/lib/kitchen/instance.rb:373:in `block in converge_action'
E, [2016-04-18T08:22:56.927136 #19613] ERROR -- default-centos-71: /Users/kpgriff/.rvm/gems/ruby-2.0.0-p643/gems/test-kitchen-1.7.3/lib/kitchen/instance.rb:513:in `call'
E, [2016-04-18T08:22:56.927148 #19613] ERROR -- default-centos-71: /Users/kpgriff/.rvm/gems/ruby-2.0.0-p643/gems/test-kitchen-1.7.3/lib/kitchen/instance.rb:513:in `synchronize_or_call'
E, [2016-04-18T08:22:56.927158 #19613] ERROR -- default-centos-71: /Users/kpgriff/.rvm/gems/ruby-2.0.0-p643/gems/test-kitchen-1.7.3/lib/kitchen/instance.rb:478:in `block in action'
E, [2016-04-18T08:22:56.927167 #19613] ERROR -- default-centos-71: /Users/kpgriff/.rvm/rubies/ruby-2.0.0-p643/lib/ruby/2.0.0/benchmark.rb:281:in `measure'
E, [2016-04-18T08:22:56.927177 #19613] ERROR -- default-centos-71: /Users/kpgriff/.rvm/gems/ruby-2.0.0-p643/gems/test-kitchen-1.7.3/lib/kitchen/instance.rb:477:in `action'
E, [2016-04-18T08:22:56.927187 #19613] ERROR -- default-centos-71: /Users/kpgriff/.rvm/gems/ruby-2.0.0-p643/gems/test-kitchen-1.7.3/lib/kitchen/instance.rb:369:in `converge_action'
E, [2016-04-18T08:22:56.927197 #19613] ERROR -- default-centos-71: /Users/kpgriff/.rvm/gems/ruby-2.0.0-p643/gems/test-kitchen-1.7.3/lib/kitchen/instance.rb:348:in `block in transition_to'
E, [2016-04-18T08:22:56.927206 #19613] ERROR -- default-centos-71: /Users/kpgriff/.rvm/gems/ruby-2.0.0-p643/gems/test-kitchen-1.7.3/lib/kitchen/instance.rb:347:in `each'
E, [2016-04-18T08:22:56.927216 #19613] ERROR -- default-centos-71: /Users/kpgriff/.rvm/gems/ruby-2.0.0-p643/gems/test-kitchen-1.7.3/lib/kitchen/instance.rb:347:in `transition_to'
E, [2016-04-18T08:22:56.927225 #19613] ERROR -- default-centos-71: /Users/kpgriff/.rvm/gems/ruby-2.0.0-p643/gems/test-kitchen-1.7.3/lib/kitchen/instance.rb:138:in `converge'
E, [2016-04-18T08:22:56.927235 #19613] ERROR -- default-centos-71: /Users/kpgriff/.rvm/gems/ruby-2.0.0-p643/gems/test-kitchen-1.7.3/lib/kitchen/command.rb:176:in `public_send'
E, [2016-04-18T08:22:56.927245 #19613] ERROR -- default-centos-71: /Users/kpgriff/.rvm/gems/ruby-2.0.0-p643/gems/test-kitchen-1.7.3/lib/kitchen/command.rb:176:in `block (2 levels) in run_action'
E, [2016-04-18T08:22:56.927255 #19613] ERROR -- default-centos-71: ----------------------
